[0926/095843.716:WARNING:dns_config_service_win.cc(668)] Failed to read DnsConfig.
[0926/095848.722:WARNING:dns_config_service_win.cc(668)] Failed to read DnsConfig.
[0926/095853.735:WARNING:dns_config_service_win.cc(668)] Failed to read DnsConfig.
[0926/095858.741:WARNING:dns_config_service_win.cc(668)] Failed to read DnsConfig.
[0926/095903.746:WARNING:dns_config_service_win.cc(668)] Failed to read DnsConfig.
[0926/095908.752:WARNING:dns_config_service_win.cc(668)] Failed to read DnsConfig.
[0926/095913.758:WARNING:dns_config_service_win.cc(668)] Failed to read DnsConfig.
[0926/095918.762:WARNING:dns_config_service_win.cc(668)] Failed to read DnsConfig.
[0926/095923.768:WARNING:dns_config_service_win.cc(668)] Failed to read DnsConfig.
[0926/095928.772:WARNING:dns_config_service_win.cc(668)] Failed to read DnsConfig.
[0926/095933.777:WARNING:dns_config_service_win.cc(668)] Failed to read DnsConfig.
[0926/095938.781:WARNING:dns_config_service_win.cc(668)] Failed to read DnsConfig.
[0926/095943.786:WARNING:dns_config_service_win.cc(668)] Failed to read DnsConfig.
[0926/095948.788:WARNING:dns_config_service_win.cc(668)] Failed to read DnsConfig.
[0926/095953.793:WARNING:dns_config_service_win.cc(668)] Failed to read DnsConfig.
[0926/095958.795:WARNING:dns_config_service_win.cc(668)] Failed to read DnsConfig.
[0926/100003.800:WARNING:dns_config_service_win.cc(668)] Failed to read DnsConfig.
[0926/100008.803:WARNING:dns_config_service_win.cc(668)] Failed to read DnsConfig.
[0926/100013.809:WARNING:dns_config_service_win.cc(668)] Failed to read DnsConfig.
[0926/100018.813:WARNING:dns_config_service_win.cc(668)] Failed to read DnsConfig.
[0926/100023.818:WARNING:dns_config_service_win.cc(668)] Failed to read DnsConfig.
[0926/100028.821:WARNING:dns_config_service_win.cc(668)] Failed to read DnsConfig.
[0926/100033.827:WARNING:dns_config_service_win.cc(668)] Failed to read DnsConfig.
[0926/100038.832:WARNING:dns_config_service_win.cc(668)] Failed to read DnsConfig.
[0926/100043.838:WARNING:dns_config_service_win.cc(668)] Failed to read DnsConfig.
[0926/100048.840:WARNING:dns_config_service_win.cc(668)] Failed to read DnsConfig.
[0926/100053.846:WARNING:dns_config_service_win.cc(668)] Failed to read DnsConfig.
[0926/100058.848:WARNING:dns_config_service_win.cc(668)] Failed to read DnsConfig.
[0926/100103.852:WARNING:dns_config_service_win.cc(668)] Failed to read DnsConfig.
[0926/100108.856:WARNING:dns_config_service_win.cc(668)] Failed to read DnsConfig.
[0926/100109.822:INFO:CONSOLE(1)] "Long rAF frame-time", source: file:///C:/Program%20Files/Adobe/Adobe%20Photoshop%202020/Required/www-rich-tooltips/build/external.js (1)
[0926/100109.998:ERROR:mf_helpers.cc(14)] Error in dxva_video_decode_accelerator_win.cc on line 1612
[0926/100109.998:ERROR:mf_helpers.cc(14)] Error in dxva_video_decode_accelerator_win.cc on line 842
[0926/100110.029:WARNING:angle_platform_impl.cc(52)] compileToBinary(230): 
C:\fakepath(69,8-58): warning X3571: pow(f, e) will not work for negative f, use abs(f) or conditionally handle negative values if you expect them
C:\fakepath(77,9-43): warning X3571: pow(f, e) will not work for negative f, use abs(f) or conditionally handle negative values if you expect them

[0926/100113.860:WARNING:dns_config_service_win.cc(668)] Failed to read DnsConfig.
[0926/100118.864:WARNING:dns_config_service_win.cc(668)] Failed to read DnsConfig.
[0926/100123.867:WARNING:dns_config_service_win.cc(668)] Failed to read DnsConfig.
[0926/100128.871:WARNING:dns_config_service_win.cc(668)] Failed to read DnsConfig.
[0926/100133.874:WARNING:dns_config_service_win.cc(668)] Failed to read DnsConfig.
[0926/100138.877:WARNING:dns_config_service_win.cc(668)] Failed to read DnsConfig.
[0926/100143.881:WARNING:dns_config_service_win.cc(668)] Failed to read DnsConfig.
[0926/100148.886:WARNING:dns_config_service_win.cc(668)] Failed to read DnsConfig.
[0926/100153.889:WARNING:dns_config_service_win.cc(668)] Failed to read DnsConfig.
[0926/100158.892:WARNING:dns_config_service_win.cc(668)] Failed to read DnsConfig.
[0926/100203.895:WARNING:dns_config_service_win.cc(668)] Failed to read DnsConfig.
[0926/100208.900:WARNING:dns_config_service_win.cc(668)] Failed to read DnsConfig.
[0926/100213.904:WARNING:dns_config_service_win.cc(668)] Failed to read DnsConfig.
[0926/100218.908:WARNING:dns_config_service_win.cc(668)] Failed to read DnsConfig.
[0926/100223.912:WARNING:dns_config_service_win.cc(668)] Failed to read DnsConfig.
[0926/100228.916:WARNING:dns_config_service_win.cc(668)] Failed to read DnsConfig.
[0926/100233.920:WARNING:dns_config_service_win.cc(668)] Failed to read DnsConfig.
[0926/100238.925:WARNING:dns_config_service_win.cc(668)] Failed to read DnsConfig.
[0926/100243.929:WARNING:dns_config_service_win.cc(668)] Failed to read DnsConfig.
[0926/100248.933:WARNING:dns_config_service_win.cc(668)] Failed to read DnsConfig.
[0926/100253.938:WARNING:dns_config_service_win.cc(668)] Failed to read DnsConfig.
[0926/100258.941:WARNING:dns_config_service_win.cc(668)] Failed to read DnsConfig.
[0926/100303.945:WARNING:dns_config_service_win.cc(668)] Failed to read DnsConfig.
[0926/100308.950:WARNING:dns_config_service_win.cc(668)] Failed to read DnsConfig.
[0926/100313.954:WARNING:dns_config_service_win.cc(668)] Failed to read DnsConfig.
[0926/100318.958:WARNING:dns_config_service_win.cc(668)] Failed to read DnsConfig.
[0926/100323.961:WARNING:dns_config_service_win.cc(668)] Failed to read DnsConfig.
[0926/100328.965:WARNING:dns_config_service_win.cc(668)] Failed to read DnsConfig.
[0926/100333.970:WARNING:dns_config_service_win.cc(668)] Failed to read DnsConfig.
[0926/100338.974:WARNING:dns_config_service_win.cc(668)] Failed to read DnsConfig.
[0926/100343.980:WARNING:dns_config_service_win.cc(668)] Failed to read DnsConfig.
[0926/100348.986:WARNING:dns_config_service_win.cc(668)] Failed to read DnsConfig.
[0926/100353.991:WARNING:dns_config_service_win.cc(668)] Failed to read DnsConfig.
[0926/100358.994:WARNING:dns_config_service_win.cc(668)] Failed to read DnsConfig.
[0926/100403.997:WARNING:dns_config_service_win.cc(668)] Failed to read DnsConfig.
[0926/100409.002:WARNING:dns_config_service_win.cc(668)] Failed to read DnsConfig.
[0926/100414.005:WARNING:dns_config_service_win.cc(668)] Failed to read DnsConfig.
[0926/100419.009:WARNING:dns_config_service_win.cc(668)] Failed to read DnsConfig.
[0926/100424.012:WARNING:dns_config_service_win.cc(668)] Failed to read DnsConfig.
[0926/100429.016:WARNING:dns_config_service_win.cc(668)] Failed to read DnsConfig.
[0926/100434.019:WARNING:dns_config_service_win.cc(668)] Failed to read DnsConfig.
[0926/100439.021:WARNING:dns_config_service_win.cc(668)] Failed to read DnsConfig.
[0926/100444.026:WARNING:dns_config_service_win.cc(668)] Failed to read DnsConfig.
[0926/100449.028:WARNING:dns_config_service_win.cc(668)] Failed to read DnsConfig.
[0926/100454.032:WARNING:dns_config_service_win.cc(668)] Failed to read DnsConfig.
[0926/100459.037:WARNING:dns_config_service_win.cc(668)] Failed to read DnsConfig.
[0926/100504.040:WARNING:dns_config_service_win.cc(668)] Failed to read DnsConfig.
[0926/100509.043:WARNING:dns_config_service_win.cc(668)] Failed to read DnsConfig.
[0926/100514.047:WARNING:dns_config_service_win.cc(668)] Failed to read DnsConfig.
[0926/100519.050:WARNING:dns_config_service_win.cc(668)] Failed to read DnsConfig.
[0926/100524.056:WARNING:dns_config_service_win.cc(668)] Failed to read DnsConfig.
[0926/100529.061:WARNING:dns_config_service_win.cc(668)] Failed to read DnsConfig.
[0926/100534.065:WARNING:dns_config_service_win.cc(668)] Failed to read DnsConfig.
[0926/100539.069:WARNING:dns_config_service_win.cc(668)] Failed to read DnsConfig.
[0926/100544.073:WARNING:dns_config_service_win.cc(668)] Failed to read DnsConfig.
[0926/100549.077:WARNING:dns_config_service_win.cc(668)] Failed to read DnsConfig.
[0926/100554.081:WARNING:dns_config_service_win.cc(668)] Failed to read DnsConfig.
[0926/100559.085:WARNING:dns_config_service_win.cc(668)] Failed to read DnsConfig.
[0926/100604.089:WARNING:dns_config_service_win.cc(668)] Failed to read DnsConfig.
[0926/100609.094:WARNING:dns_config_service_win.cc(668)] Failed to read DnsConfig.
[0926/100614.098:WARNING:dns_config_service_win.cc(668)] Failed to read DnsConfig.
[0926/100619.101:WARNING:dns_config_service_win.cc(668)] Failed to read DnsConfig.
[0926/100624.104:WARNING:dns_config_service_win.cc(668)] Failed to read DnsConfig.
[0926/100629.107:WARNING:dns_config_service_win.cc(668)] Failed to read DnsConfig.
[0926/100634.111:WARNING:dns_config_service_win.cc(668)] Failed to read DnsConfig.
[0926/100639.117:WARNING:dns_config_service_win.cc(668)] Failed to read DnsConfig.
[0926/100644.122:WARNING:dns_config_service_win.cc(668)] Failed to read DnsConfig.
[0926/100649.125:WARNING:dns_config_service_win.cc(668)] Failed to read DnsConfig.
[0926/100654.129:WARNING:dns_config_service_win.cc(668)] Failed to read DnsConfig.
[0926/100659.131:WARNING:dns_config_service_win.cc(668)] Failed to read DnsConfig.
[0926/100704.134:WARNING:dns_config_service_win.cc(668)] Failed to read DnsConfig.
[0926/100709.137:WARNING:dns_config_service_win.cc(668)] Failed to read DnsConfig.
[0926/100714.140:WARNING:dns_config_service_win.cc(668)] Failed to read DnsConfig.
[0926/100719.144:WARNING:dns_config_service_win.cc(668)] Failed to read DnsConfig.
[0926/100724.148:WARNING:dns_config_service_win.cc(668)] Failed to read DnsConfig.
[0926/100729.153:WARNING:dns_config_service_win.cc(668)] Failed to read DnsConfig.
[0926/100734.157:WARNING:dns_config_service_win.cc(668)] Failed to read DnsConfig.
[0926/100739.162:WARNING:dns_config_service_win.cc(668)] Failed to read DnsConfig.
[0926/100744.164:WARNING:dns_config_service_win.cc(668)] Failed to read DnsConfig.
[0926/100749.167:WARNING:dns_config_service_win.cc(668)] Failed to read DnsConfig.
[0926/100754.170:WARNING:dns_config_service_win.cc(668)] Failed to read DnsConfig.
[0926/100759.172:WARNING:dns_config_service_win.cc(668)] Failed to read DnsConfig.
[0926/100804.175:WARNING:dns_config_service_win.cc(668)] Failed to read DnsConfig.
[0926/100809.178:WARNING:dns_config_service_win.cc(668)] Failed to read DnsConfig.
[0926/100814.181:WARNING:dns_config_service_win.cc(668)] Failed to read DnsConfig.
[0926/100819.186:WARNING:dns_config_service_win.cc(668)] Failed to read DnsConfig.
[0926/100824.188:WARNING:dns_config_service_win.cc(668)] Failed to read DnsConfig.
[0926/100829.193:WARNING:dns_config_service_win.cc(668)] Failed to read DnsConfig.
[0926/100834.197:WARNING:dns_config_service_win.cc(668)] Failed to read DnsConfig.
[0926/100839.201:WARNING:dns_config_service_win.cc(668)] Failed to read DnsConfig.
[0926/100844.205:WARNING:dns_config_service_win.cc(668)] Failed to read DnsConfig.
[0926/100849.209:WARNING:dns_config_service_win.cc(668)] Failed to read DnsConfig.
[0926/100854.215:WARNING:dns_config_service_win.cc(668)] Failed to read DnsConfig.
[0926/100859.217:WARNING:dns_config_service_win.cc(668)] Failed to read DnsConfig.
[0926/100904.222:WARNING:dns_config_service_win.cc(668)] Failed to read DnsConfig.
[0926/100909.226:WARNING:dns_config_service_win.cc(668)] Failed to read DnsConfig.
[0926/100914.230:WARNING:dns_config_service_win.cc(668)] Failed to read DnsConfig.
[0926/100919.233:WARNING:dns_config_service_win.cc(668)] Failed to read DnsConfig.
[0926/100924.236:WARNING:dns_config_service_win.cc(668)] Failed to read DnsConfig.
[0926/100929.240:WARNING:dns_config_service_win.cc(668)] Failed to read DnsConfig.
[0926/100934.244:WARNING:dns_config_service_win.cc(668)] Failed to read DnsConfig.
[0926/100939.247:WARNING:dns_config_service_win.cc(668)] Failed to read DnsConfig.
[0926/100944.254:WARNING:dns_config_service_win.cc(668)] Failed to read DnsConfig.
[0926/100949.266:WARNING:dns_config_service_win.cc(668)] Failed to read DnsConfig.
[0926/100954.272:WARNING:dns_config_service_win.cc(668)] Failed to read DnsConfig.
[0926/100959.278:WARNING:dns_config_service_win.cc(668)] Failed to read DnsConfig.
[0926/101004.280:WARNING:dns_config_service_win.cc(668)] Failed to read DnsConfig.
[0926/101009.284:WARNING:dns_config_service_win.cc(668)] Failed to read DnsConfig.
[0926/101014.287:WARNING:dns_config_service_win.cc(668)] Failed to read DnsConfig.
[0926/101019.290:WARNING:dns_config_service_win.cc(668)] Failed to read DnsConfig.
[0926/101024.292:WARNING:dns_config_service_win.cc(668)] Failed to read DnsConfig.
[0926/101029.295:WARNING:dns_config_service_win.cc(668)] Failed to read DnsConfig.
[0926/101034.298:WARNING:dns_config_service_win.cc(668)] Failed to read DnsConfig.
[0926/101039.302:WARNING:dns_config_service_win.cc(668)] Failed to read DnsConfig.
[0926/101044.305:WARNING:dns_config_service_win.cc(668)] Failed to read DnsConfig.
[0926/101049.309:WARNING:dns_config_service_win.cc(668)] Failed to read DnsConfig.
[0926/101054.313:WARNING:dns_config_service_win.cc(668)] Failed to read DnsConfig.
[0926/101059.317:WARNING:dns_config_service_win.cc(668)] Failed to read DnsConfig.
[0926/101104.321:WARNING:dns_config_service_win.cc(668)] Failed to read DnsConfig.
[0926/101109.325:WARNING:dns_config_service_win.cc(668)] Failed to read DnsConfig.
[0926/101114.328:WARNING:dns_config_service_win.cc(668)] Failed to read DnsConfig.
[0926/101119.331:WARNING:dns_config_service_win.cc(668)] Failed to read DnsConfig.
[0926/101124.335:WARNING:dns_config_service_win.cc(668)] Failed to read DnsConfig.
[0926/101129.337:WARNING:dns_config_service_win.cc(668)] Failed to read DnsConfig.
[0926/101134.339:WARNING:dns_config_service_win.cc(668)] Failed to read DnsConfig.
[0926/101139.343:WARNING:dns_config_service_win.cc(668)] Failed to read DnsConfig.
[0926/101144.346:WARNING:dns_config_service_win.cc(668)] Failed to read DnsConfig.
[0926/101149.349:WARNING:dns_config_service_win.cc(668)] Failed to read DnsConfig.
[0926/101154.352:WARNING:dns_config_service_win.cc(668)] Failed to read DnsConfig.
[0926/101159.357:WARNING:dns_config_service_win.cc(668)] Failed to read DnsConfig.
[0926/101204.361:WARNING:dns_config_service_win.cc(668)] Failed to read DnsConfig.
[0926/101209.366:WARNING:dns_config_service_win.cc(668)] Failed to read DnsConfig.
[0926/101214.371:WARNING:dns_config_service_win.cc(668)] Failed to read DnsConfig.
[0926/101219.375:WARNING:dns_config_service_win.cc(668)] Failed to read DnsConfig.
[0926/101224.379:WARNING:dns_config_service_win.cc(668)] Failed to read DnsConfig.
[0926/101229.382:WARNING:dns_config_service_win.cc(668)] Failed to read DnsConfig.
[0926/101234.385:WARNING:dns_config_service_win.cc(668)] Failed to read DnsConfig.
[0926/101239.387:WARNING:dns_config_service_win.cc(668)] Failed to read DnsConfig.
[0926/101244.391:WARNING:dns_config_service_win.cc(668)] Failed to read DnsConfig.
[0926/101249.395:WARNING:dns_config_service_win.cc(668)] Failed to read DnsConfig.
[0926/101254.398:WARNING:dns_config_service_win.cc(668)] Failed to read DnsConfig.
[0926/101259.400:WARNING:dns_config_service_win.cc(668)] Failed to read DnsConfig.
[0926/101304.403:WARNING:dns_config_service_win.cc(668)] Failed to read DnsConfig.
[0926/101309.407:WARNING:dns_config_service_win.cc(668)] Failed to read DnsConfig.
[0926/101314.411:WARNING:dns_config_service_win.cc(668)] Failed to read DnsConfig.
[0926/101319.413:WARNING:dns_config_service_win.cc(668)] Failed to read DnsConfig.
[0926/101324.417:WARNING:dns_config_service_win.cc(668)] Failed to read DnsConfig.
[0926/101329.421:WARNING:dns_config_service_win.cc(668)] Failed to read DnsConfig.
[0926/101334.424:WARNING:dns_config_service_win.cc(668)] Failed to read DnsConfig.
[0926/101339.427:WARNING:dns_config_service_win.cc(668)] Failed to read DnsConfig.
[0926/101344.430:WARNING:dns_config_service_win.cc(668)] Failed to read DnsConfig.
[0926/101349.432:WARNING:dns_config_service_win.cc(668)] Failed to read DnsConfig.
[0926/101354.435:WARNING:dns_config_service_win.cc(668)] Failed to read DnsConfig.
[0926/101359.440:WARNING:dns_config_service_win.cc(668)] Failed to read DnsConfig.
[0926/101404.444:WARNING:dns_config_service_win.cc(668)] Failed to read DnsConfig.
[0926/101409.447:WARNING:dns_config_service_win.cc(668)] Failed to read DnsConfig.
[0926/101414.452:WARNING:dns_config_service_win.cc(668)] Failed to read DnsConfig.
[0926/101419.457:WARNING:dns_config_service_win.cc(668)] Failed to read DnsConfig.
[0926/101424.459:WARNING:dns_config_service_win.cc(668)] Failed to read DnsConfig.
[0926/101429.464:WARNING:dns_config_service_win.cc(668)] Failed to read DnsConfig.
[0926/101434.469:WARNING:dns_config_service_win.cc(668)] Failed to read DnsConfig.
[0926/101439.475:WARNING:dns_config_service_win.cc(668)] Failed to read DnsConfig.
[0926/101444.480:WARNING:dns_config_service_win.cc(668)] Failed to read DnsConfig.
[0926/101449.485:WARNING:dns_config_service_win.cc(668)] Failed to read DnsConfig.
[0926/101454.490:WARNING:dns_config_service_win.cc(668)] Failed to read DnsConfig.
[0926/101459.494:WARNING:dns_config_service_win.cc(668)] Failed to read DnsConfig.
[0926/101504.498:WARNING:dns_config_service_win.cc(668)] Failed to read DnsConfig.
[0926/101509.503:WARNING:dns_config_service_win.cc(668)] Failed to read DnsConfig.
[0926/101514.506:WARNING:dns_config_service_win.cc(668)] Failed to read DnsConfig.
[0926/101519.509:WARNING:dns_config_service_win.cc(668)] Failed to read DnsConfig.
[0926/101524.513:WARNING:dns_config_service_win.cc(668)] Failed to read DnsConfig.
[0926/101529.516:WARNING:dns_config_service_win.cc(668)] Failed to read DnsConfig.
[0926/101534.520:WARNING:dns_config_service_win.cc(668)] Failed to read DnsConfig.
[0926/101539.525:WARNING:dns_config_service_win.cc(668)] Failed to read DnsConfig.
[0926/101544.528:WARNING:dns_config_service_win.cc(668)] Failed to read DnsConfig.
[0926/101549.530:WARNING:dns_config_service_win.cc(668)] Failed to read DnsConfig.
[0926/101554.533:WARNING:dns_config_service_win.cc(668)] Failed to read DnsConfig.
[0926/101559.537:WARNING:dns_config_service_win.cc(668)] Failed to read DnsConfig.
[0926/101604.539:WARNING:dns_config_service_win.cc(668)] Failed to read DnsConfig.
[0926/101609.542:WARNING:dns_config_service_win.cc(668)] Failed to read DnsConfig.
[0926/101614.545:WARNING:dns_config_service_win.cc(668)] Failed to read DnsConfig.
[0926/101619.547:WARNING:dns_config_service_win.cc(668)] Failed to read DnsConfig.
[0926/101624.550:WARNING:dns_config_service_win.cc(668)] Failed to read DnsConfig.
[0926/101629.553:WARNING:dns_config_service_win.cc(668)] Failed to read DnsConfig.
[0926/101634.555:WARNING:dns_config_service_win.cc(668)] Failed to read DnsConfig.
[0926/101639.558:WARNING:dns_config_service_win.cc(668)] Failed to read DnsConfig.
[0926/101644.561:WARNING:dns_config_service_win.cc(668)] Failed to read DnsConfig.
[0926/101649.563:WARNING:dns_config_service_win.cc(668)] Failed to read DnsConfig.
[0926/101654.566:WARNING:dns_config_service_win.cc(668)] Failed to read DnsConfig.
[0926/101659.570:WARNING:dns_config_service_win.cc(668)] Failed to read DnsConfig.
[0926/101704.572:WARNING:dns_config_service_win.cc(668)] Failed to read DnsConfig.
[0926/101709.576:WARNING:dns_config_service_win.cc(668)] Failed to read DnsConfig.
[0926/101714.579:WARNING:dns_config_service_win.cc(668)] Failed to read DnsConfig.
[0926/101719.582:WARNING:dns_config_service_win.cc(668)] Failed to read DnsConfig.
[0926/101724.584:WARNING:dns_config_service_win.cc(668)] Failed to read DnsConfig.
[0926/101729.587:WARNING:dns_config_service_win.cc(668)] Failed to read DnsConfig.
[0926/101734.592:WARNING:dns_config_service_win.cc(668)] Failed to read DnsConfig.
[0926/101739.595:WARNING:dns_config_service_win.cc(668)] Failed to read DnsConfig.
[0926/101744.599:WARNING:dns_config_service_win.cc(668)] Failed to read DnsConfig.
[0926/101749.602:WARNING:dns_config_service_win.cc(668)] Failed to read DnsConfig.
[0926/101754.606:WARNING:dns_config_service_win.cc(668)] Failed to read DnsConfig.
[0926/101759.610:WARNING:dns_config_service_win.cc(668)] Failed to read DnsConfig.
[0926/101804.612:WARNING:dns_config_service_win.cc(668)] Failed to read DnsConfig.
[0926/101809.616:WARNING:dns_config_service_win.cc(668)] Failed to read DnsConfig.
[0926/101814.620:WARNING:dns_config_service_win.cc(668)] Failed to read DnsConfig.
[0926/101819.626:WARNING:dns_config_service_win.cc(668)] Failed to read DnsConfig.
[0926/101824.630:WARNING:dns_config_service_win.cc(668)] Failed to read DnsConfig.
[0926/101829.634:WARNING:dns_config_service_win.cc(668)] Failed to read DnsConfig.
[0926/101834.637:WARNING:dns_config_service_win.cc(668)] Failed to read DnsConfig.
[0926/101839.640:WARNING:dns_config_service_win.cc(668)] Failed to read DnsConfig.
[0926/101844.643:WARNING:dns_config_service_win.cc(668)] Failed to read DnsConfig.
[0926/101849.647:WARNING:dns_config_service_win.cc(668)] Failed to read DnsConfig.
[0926/101854.649:WARNING:dns_config_service_win.cc(668)] Failed to read DnsConfig.
[0926/101859.652:WARNING:dns_config_service_win.cc(668)] Failed to read DnsConfig.
[0926/101904.655:WARNING:dns_config_service_win.cc(668)] Failed to read DnsConfig.
[0926/101909.658:WARNING:dns_config_service_win.cc(668)] Failed to read DnsConfig.
[0926/101914.661:WARNING:dns_config_service_win.cc(668)] Failed to read DnsConfig.
[0926/101919.665:WARNING:dns_config_service_win.cc(668)] Failed to read DnsConfig.
[0926/101924.668:WARNING:dns_config_service_win.cc(668)] Failed to read DnsConfig.
[0926/101929.671:WARNING:dns_config_service_win.cc(668)] Failed to read DnsConfig.
[0926/101934.673:WARNING:dns_config_service_win.cc(668)] Failed to read DnsConfig.
[0926/101939.677:WARNING:dns_config_service_win.cc(668)] Failed to read DnsConfig.
[0926/101944.680:WARNING:dns_config_service_win.cc(668)] Failed to read DnsConfig.
[0926/101949.683:WARNING:dns_config_service_win.cc(668)] Failed to read DnsConfig.
[0926/101954.686:WARNING:dns_config_service_win.cc(668)] Failed to read DnsConfig.
[0926/101959.692:WARNING:dns_config_service_win.cc(668)] Failed to read DnsConfig.
[0926/102004.697:WARNING:dns_config_service_win.cc(668)] Failed to read DnsConfig.
[0926/102009.699:WARNING:dns_config_service_win.cc(668)] Failed to read DnsConfig.
[0926/102014.703:WARNING:dns_config_service_win.cc(668)] Failed to read DnsConfig.
[0926/102019.708:WARNING:dns_config_service_win.cc(668)] Failed to read DnsConfig.
[0926/102024.712:WARNING:dns_config_service_win.cc(668)] Failed to read DnsConfig.
[0926/102029.717:WARNING:dns_config_service_win.cc(668)] Failed to read DnsConfig.
[0926/102034.722:WARNING:dns_config_service_win.cc(668)] Failed to read DnsConfig.
[0926/102039.726:WARNING:dns_config_service_win.cc(668)] Failed to read DnsConfig.
[0926/102044.728:WARNING:dns_config_service_win.cc(668)] Failed to read DnsConfig.
[0926/102049.732:WARNING:dns_config_service_win.cc(668)] Failed to read DnsConfig.
[0926/102054.736:WARNING:dns_config_service_win.cc(668)] Failed to read DnsConfig.
[0926/102059.740:WARNING:dns_config_service_win.cc(668)] Failed to read DnsConfig.
[0926/102104.743:WARNING:dns_config_service_win.cc(668)] Failed to read DnsConfig.
[0926/102109.746:WARNING:dns_config_service_win.cc(668)] Failed to read DnsConfig.
[0926/102114.750:WARNING:dns_config_service_win.cc(668)] Failed to read DnsConfig.
[0926/102119.754:WARNING:dns_config_service_win.cc(668)] Failed to read DnsConfig.
[0926/102124.758:WARNING:dns_config_service_win.cc(668)] Failed to read DnsConfig.
[0926/102129.761:WARNING:dns_config_service_win.cc(668)] Failed to read DnsConfig.
[0926/102134.764:WARNING:dns_config_service_win.cc(668)] Failed to read DnsConfig.
[0926/102139.767:WARNING:dns_config_service_win.cc(668)] Failed to read DnsConfig.
[0926/102144.772:WARNING:dns_config_service_win.cc(668)] Failed to read DnsConfig.
[0926/102149.776:WARNING:dns_config_service_win.cc(668)] Failed to read DnsConfig.
[0926/102154.780:WARNING:dns_config_service_win.cc(668)] Failed to read DnsConfig.
[0926/102159.782:WARNING:dns_config_service_win.cc(668)] Failed to read DnsConfig.
[0926/102204.787:WARNING:dns_config_service_win.cc(668)] Failed to read DnsConfig.
[0926/102209.791:WARNING:dns_config_service_win.cc(668)] Failed to read DnsConfig.
[0926/102214.794:WARNING:dns_config_service_win.cc(668)] Failed to read DnsConfig.
[0926/102219.799:WARNING:dns_config_service_win.cc(668)] Failed to read DnsConfig.
[0926/102224.801:WARNING:dns_config_service_win.cc(668)] Failed to read DnsConfig.
[0926/102229.805:WARNING:dns_config_service_win.cc(668)] Failed to read DnsConfig.
[0926/102234.810:WARNING:dns_config_service_win.cc(668)] Failed to read DnsConfig.
[0926/102239.814:WARNING:dns_config_service_win.cc(668)] Failed to read DnsConfig.
[0926/102244.818:WARNING:dns_config_service_win.cc(668)] Failed to read DnsConfig.
[0926/102249.822:WARNING:dns_config_service_win.cc(668)] Failed to read DnsConfig.
[0926/102254.825:WARNING:dns_config_service_win.cc(668)] Failed to read DnsConfig.
[0926/102259.827:WARNING:dns_config_service_win.cc(668)] Failed to read DnsConfig.
[0926/102304.830:WARNING:dns_config_service_win.cc(668)] Failed to read DnsConfig.
[0926/102309.835:WARNING:dns_config_service_win.cc(668)] Failed to read DnsConfig.
[0926/102314.837:WARNING:dns_config_service_win.cc(668)] Failed to read DnsConfig.
[0926/102319.842:WARNING:dns_config_service_win.cc(668)] Failed to read DnsConfig.
[0926/102324.845:WARNING:dns_config_service_win.cc(668)] Failed to read DnsConfig.
[0926/102329.849:WARNING:dns_config_service_win.cc(668)] Failed to read DnsConfig.
[0926/102334.851:WARNING:dns_config_service_win.cc(668)] Failed to read DnsConfig.
[0926/102339.856:WARNING:dns_config_service_win.cc(668)] Failed to read DnsConfig.
[0926/102344.860:WARNING:dns_config_service_win.cc(668)] Failed to read DnsConfig.
[0926/102349.863:WARNING:dns_config_service_win.cc(668)] Failed to read DnsConfig.
[0926/102354.866:WARNING:dns_config_service_win.cc(668)] Failed to read DnsConfig.
[0926/102359.870:WARNING:dns_config_service_win.cc(668)] Failed to read DnsConfig.
[0926/102404.875:WARNING:dns_config_service_win.cc(668)] Failed to read DnsConfig.
[0926/102409.878:WARNING:dns_config_service_win.cc(668)] Failed to read DnsConfig.
[0926/102414.882:WARNING:dns_config_service_win.cc(668)] Failed to read DnsConfig.
[0926/102419.886:WARNING:dns_config_service_win.cc(668)] Failed to read DnsConfig.
[0926/102424.891:WARNING:dns_config_service_win.cc(668)] Failed to read DnsConfig.
[0926/102429.896:WARNING:dns_config_service_win.cc(668)] Failed to read DnsConfig.
[0926/102434.899:WARNING:dns_config_service_win.cc(668)] Failed to read DnsConfig.
[0926/102439.903:WARNING:dns_config_service_win.cc(668)] Failed to read DnsConfig.
[0926/102444.905:WARNING:dns_config_service_win.cc(668)] Failed to read DnsConfig.
[0926/102449.908:WARNING:dns_config_service_win.cc(668)] Failed to read DnsConfig.
[0926/102454.911:WARNING:dns_config_service_win.cc(668)] Failed to read DnsConfig.
[0926/102459.914:WARNING:dns_config_service_win.cc(668)] Failed to read DnsConfig.
[0926/102504.918:WARNING:dns_config_service_win.cc(668)] Failed to read DnsConfig.
[0926/102509.923:WARNING:dns_config_service_win.cc(668)] Failed to read DnsConfig.
[0926/102514.927:WARNING:dns_config_service_win.cc(668)] Failed to read DnsConfig.
[0926/102519.929:WARNING:dns_config_service_win.cc(668)] Failed to read DnsConfig.
[0926/102524.932:WARNING:dns_config_service_win.cc(668)] Failed to read DnsConfig.
[0926/102529.936:WARNING:dns_config_service_win.cc(668)] Failed to read DnsConfig.
[0926/102534.940:WARNING:dns_config_service_win.cc(668)] Failed to read DnsConfig.
[0926/102539.943:WARNING:dns_config_service_win.cc(668)] Failed to read DnsConfig.
[0926/102544.947:WARNING:dns_config_service_win.cc(668)] Failed to read DnsConfig.
[0926/102549.952:WARNING:dns_config_service_win.cc(668)] Failed to read DnsConfig.
[0926/102554.955:WARNING:dns_config_service_win.cc(668)] Failed to read DnsConfig.
[0926/102559.959:WARNING:dns_config_service_win.cc(668)] Failed to read DnsConfig.
[0926/102604.963:WARNING:dns_config_service_win.cc(668)] Failed to read DnsConfig.
[0926/102609.968:WARNING:dns_config_service_win.cc(668)] Failed to read DnsConfig.
[0926/102614.971:WARNING:dns_config_service_win.cc(668)] Failed to read DnsConfig.
[0926/102619.977:WARNING:dns_config_service_win.cc(668)] Failed to read DnsConfig.
[0926/102624.981:WARNING:dns_config_service_win.cc(668)] Failed to read DnsConfig.
[0926/102629.985:WARNING:dns_config_service_win.cc(668)] Failed to read DnsConfig.
[0926/102634.991:WARNING:dns_config_service_win.cc(668)] Failed to read DnsConfig.
[0926/102639.994:WARNING:dns_config_service_win.cc(668)] Failed to read DnsConfig.
[0926/102644.998:WARNING:dns_config_service_win.cc(668)] Failed to read DnsConfig.
[0926/102650.002:WARNING:dns_config_service_win.cc(668)] Failed to read DnsConfig.
[0926/102655.006:WARNING:dns_config_service_win.cc(668)] Failed to read DnsConfig.
[0926/102700.010:WARNING:dns_config_service_win.cc(668)] Failed to read DnsConfig.
[0926/102705.013:WARNING:dns_config_service_win.cc(668)] Failed to read DnsConfig.
[0926/102710.018:WARNING:dns_config_service_win.cc(668)] Failed to read DnsConfig.
[0926/102715.023:WARNING:dns_config_service_win.cc(668)] Failed to read DnsConfig.
[0926/102720.027:WARNING:dns_config_service_win.cc(668)] Failed to read DnsConfig.
[0926/102725.030:WARNING:dns_config_service_win.cc(668)] Failed to read DnsConfig.
[0926/102730.034:WARNING:dns_config_service_win.cc(668)] Failed to read DnsConfig.
[0926/102735.037:WARNING:dns_config_service_win.cc(668)] Failed to read DnsConfig.
[0926/102740.040:WARNING:dns_config_service_win.cc(668)] Failed to read DnsConfig.
[0926/102745.042:WARNING:dns_config_service_win.cc(668)] Failed to read DnsConfig.
[0926/102750.051:WARNING:dns_config_service_win.cc(668)] Failed to read DnsConfig.
[0926/102755.055:WARNING:dns_config_service_win.cc(668)] Failed to read DnsConfig.
[0926/102800.058:WARNING:dns_config_service_win.cc(668)] Failed to read DnsConfig.
[0926/102805.062:WARNING:dns_config_service_win.cc(668)] Failed to read DnsConfig.
[0926/102810.067:WARNING:dns_config_service_win.cc(668)] Failed to read DnsConfig.
[0926/102815.069:WARNING:dns_config_service_win.cc(668)] Failed to read DnsConfig.
[0926/102820.072:WARNING:dns_config_service_win.cc(668)] Failed to read DnsConfig.
[0926/102825.075:WARNING:dns_config_service_win.cc(668)] Failed to read DnsConfig.
[0926/102830.078:WARNING:dns_config_service_win.cc(668)] Failed to read DnsConfig.
[0926/102835.081:WARNING:dns_config_service_win.cc(668)] Failed to read DnsConfig.
[0926/102840.086:WARNING:dns_config_service_win.cc(668)] Failed to read DnsConfig.
[0926/102845.089:WARNING:dns_config_service_win.cc(668)] Failed to read DnsConfig.
[0926/102850.093:WARNING:dns_config_service_win.cc(668)] Failed to read DnsConfig.
[0926/102855.099:WARNING:dns_config_service_win.cc(668)] Failed to read DnsConfig.
[0926/102900.103:WARNING:dns_config_service_win.cc(668)] Failed to read DnsConfig.
[0926/102905.107:WARNING:dns_config_service_win.cc(668)] Failed to read DnsConfig.
[0926/102910.110:WARNING:dns_config_service_win.cc(668)] Failed to read DnsConfig.
[0926/102915.115:WARNING:dns_config_service_win.cc(668)] Failed to read DnsConfig.
[0926/102920.118:WARNING:dns_config_service_win.cc(668)] Failed to read DnsConfig.
[0926/102925.122:WARNING:dns_config_service_win.cc(668)] Failed to read DnsConfig.
[0926/102930.126:WARNING:dns_config_service_win.cc(668)] Failed to read DnsConfig.
[0926/102935.130:WARNING:dns_config_service_win.cc(668)] Failed to read DnsConfig.
[0926/102940.134:WARNING:dns_config_service_win.cc(668)] Failed to read DnsConfig.
[0926/102945.138:WARNING:dns_config_service_win.cc(668)] Failed to read DnsConfig.
[0926/102950.142:WARNING:dns_config_service_win.cc(668)] Failed to read DnsConfig.
[0926/102955.147:WARNING:dns_config_service_win.cc(668)] Failed to read DnsConfig.
[0926/103000.151:WARNING:dns_config_service_win.cc(668)] Failed to read DnsConfig.
[0926/103005.155:WARNING:dns_config_service_win.cc(668)] Failed to read DnsConfig.
[0926/103010.159:WARNING:dns_config_service_win.cc(668)] Failed to read DnsConfig.
[0926/103015.162:WARNING:dns_config_service_win.cc(668)] Failed to read DnsConfig.
[0926/103020.165:WARNING:dns_config_service_win.cc(668)] Failed to read DnsConfig.
[0926/103025.170:WARNING:dns_config_service_win.cc(668)] Failed to read DnsConfig.
[0926/103030.175:WARNING:dns_config_service_win.cc(668)] Failed to read DnsConfig.
[0926/103035.181:WARNING:dns_config_service_win.cc(668)] Failed to read DnsConfig.
[0926/103040.185:WARNING:dns_config_service_win.cc(668)] Failed to read DnsConfig.
[0926/103045.190:WARNING:dns_config_service_win.cc(668)] Failed to read DnsConfig.
[0926/103050.194:WARNING:dns_config_service_win.cc(668)] Failed to read DnsConfig.
[0926/103055.198:WARNING:dns_config_service_win.cc(668)] Failed to read DnsConfig.
[0926/103100.203:WARNING:dns_config_service_win.cc(668)] Failed to read DnsConfig.
[0926/103105.211:WARNING:dns_config_service_win.cc(668)] Failed to read DnsConfig.
[0926/103110.215:WARNING:dns_config_service_win.cc(668)] Failed to read DnsConfig.
[0926/103115.219:WARNING:dns_config_service_win.cc(668)] Failed to read DnsConfig.
[0926/103120.222:WARNING:dns_config_service_win.cc(668)] Failed to read DnsConfig.
[0926/103125.226:WARNING:dns_config_service_win.cc(668)] Failed to read DnsConfig.
[0926/103130.229:WARNING:dns_config_service_win.cc(668)] Failed to read DnsConfig.
[0926/103135.231:WARNING:dns_config_service_win.cc(668)] Failed to read DnsConfig.
[0926/103140.234:WARNING:dns_config_service_win.cc(668)] Failed to read DnsConfig.
[0926/103145.237:WARNING:dns_config_service_win.cc(668)] Failed to read DnsConfig.
[0926/103150.240:WARNING:dns_config_service_win.cc(668)] Failed to read DnsConfig.
[0926/103155.243:WARNING:dns_config_service_win.cc(668)] Failed to read DnsConfig.
[0926/103200.247:WARNING:dns_config_service_win.cc(668)] Failed to read DnsConfig.
[0926/103205.249:WARNING:dns_config_service_win.cc(668)] Failed to read DnsConfig.
[0926/103210.254:WARNING:dns_config_service_win.cc(668)] Failed to read DnsConfig.
[0926/103215.256:WARNING:dns_config_service_win.cc(668)] Failed to read DnsConfig.
[0926/103220.260:WARNING:dns_config_service_win.cc(668)] Failed to read DnsConfig.
[0926/103225.263:WARNING:dns_config_service_win.cc(668)] Failed to read DnsConfig.
[0926/103230.267:WARNING:dns_config_service_win.cc(668)] Failed to read DnsConfig.
[0926/103235.271:WARNING:dns_config_service_win.cc(668)] Failed to read DnsConfig.
[0926/103240.276:WARNING:dns_config_service_win.cc(668)] Failed to read DnsConfig.
[0926/103245.279:WARNING:dns_config_service_win.cc(668)] Failed to read DnsConfig.
[0926/103250.283:WARNING:dns_config_service_win.cc(668)] Failed to read DnsConfig.
[0926/103255.288:WARNING:dns_config_service_win.cc(668)] Failed to read DnsConfig.
[0926/103300.293:WARNING:dns_config_service_win.cc(668)] Failed to read DnsConfig.
[0926/103305.295:WARNING:dns_config_service_win.cc(668)] Failed to read DnsConfig.
[0926/103310.301:WARNING:dns_config_service_win.cc(668)] Failed to read DnsConfig.
[0926/103315.306:WARNING:dns_config_service_win.cc(668)] Failed to read DnsConfig.
[0926/103320.310:WARNING:dns_config_service_win.cc(668)] Failed to read DnsConfig.
[0926/103325.316:WARNING:dns_config_service_win.cc(668)] Failed to read DnsConfig.
[0926/103330.318:WARNING:dns_config_service_win.cc(668)] Failed to read DnsConfig.
[0926/103335.321:WARNING:dns_config_service_win.cc(668)] Failed to read DnsConfig.
[0926/103340.326:WARNING:dns_config_service_win.cc(668)] Failed to read DnsConfig.
[0926/103345.329:WARNING:dns_config_service_win.cc(668)] Failed to read DnsConfig.
[0926/103350.332:WARNING:dns_config_service_win.cc(668)] Failed to read DnsConfig.
[0926/103355.335:WARNING:dns_config_service_win.cc(668)] Failed to read DnsConfig.
[0926/103400.337:WARNING:dns_config_service_win.cc(668)] Failed to read DnsConfig.
[0926/103405.340:WARNING:dns_config_service_win.cc(668)] Failed to read DnsConfig.
[0926/103410.343:WARNING:dns_config_service_win.cc(668)] Failed to read DnsConfig.
[0926/103415.346:WARNING:dns_config_service_win.cc(668)] Failed to read DnsConfig.
[0926/103420.352:WARNING:dns_config_service_win.cc(668)] Failed to read DnsConfig.
[0926/103425.355:WARNING:dns_config_service_win.cc(668)] Failed to read DnsConfig.
[0926/103430.358:WARNING:dns_config_service_win.cc(668)] Failed to read DnsConfig.
[0926/103435.362:WARNING:dns_config_service_win.cc(668)] Failed to read DnsConfig.
[0926/103440.364:WARNING:dns_config_service_win.cc(668)] Failed to read DnsConfig.
[0926/103445.369:WARNING:dns_config_service_win.cc(668)] Failed to read DnsConfig.
[0926/103450.373:WARNING:dns_config_service_win.cc(668)] Failed to read DnsConfig.
[0926/103455.377:WARNING:dns_config_service_win.cc(668)] Failed to read DnsConfig.
[0926/103500.380:WARNING:dns_config_service_win.cc(668)] Failed to read DnsConfig.
[0926/103505.384:WARNING:dns_config_service_win.cc(668)] Failed to read DnsConfig.
[0926/103510.386:WARNING:dns_config_service_win.cc(668)] Failed to read DnsConfig.
[0926/103515.392:WARNING:dns_config_service_win.cc(668)] Failed to read DnsConfig.
[0926/103520.395:WARNING:dns_config_service_win.cc(668)] Failed to read DnsConfig.
[0926/103525.399:WARNING:dns_config_service_win.cc(668)] Failed to read DnsConfig.
[0926/103530.403:WARNING:dns_config_service_win.cc(668)] Failed to read DnsConfig.
[0926/103535.408:WARNING:dns_config_service_win.cc(668)] Failed to read DnsConfig.
[0926/103540.412:WARNING:dns_config_service_win.cc(668)] Failed to read DnsConfig.
[0926/103545.416:WARNING:dns_config_service_win.cc(668)] Failed to read DnsConfig.
[0926/103550.420:WARNING:dns_config_service_win.cc(668)] Failed to read DnsConfig.
[0926/103555.425:WARNING:dns_config_service_win.cc(668)] Failed to read DnsConfig.
[0926/103600.428:WARNING:dns_config_service_win.cc(668)] Failed to read DnsConfig.
[0926/103605.431:WARNING:dns_config_service_win.cc(668)] Failed to read DnsConfig.
[0926/103610.435:WARNING:dns_config_service_win.cc(668)] Failed to read DnsConfig.
[0926/103615.440:WARNING:dns_config_service_win.cc(668)] Failed to read DnsConfig.
[0926/103620.444:WARNING:dns_config_service_win.cc(668)] Failed to read DnsConfig.
[0926/103625.447:WARNING:dns_config_service_win.cc(668)] Failed to read DnsConfig.
[0926/103630.452:WARNING:dns_config_service_win.cc(668)] Failed to read DnsConfig.
[0926/103635.455:WARNING:dns_config_service_win.cc(668)] Failed to read DnsConfig.
[0926/103640.458:WARNING:dns_config_service_win.cc(668)] Failed to read DnsConfig.
[0926/103645.460:WARNING:dns_config_service_win.cc(668)] Failed to read DnsConfig.
[0926/103650.463:WARNING:dns_config_service_win.cc(668)] Failed to read DnsConfig.
[0926/103655.466:WARNING:dns_config_service_win.cc(668)] Failed to read DnsConfig.
[0926/103700.468:WARNING:dns_config_service_win.cc(668)] Failed to read DnsConfig.
[0926/103705.471:WARNING:dns_config_service_win.cc(668)] Failed to read DnsConfig.
[0926/103710.475:WARNING:dns_config_service_win.cc(668)] Failed to read DnsConfig.
[0926/103715.478:WARNING:dns_config_service_win.cc(668)] Failed to read DnsConfig.
[0926/103720.482:WARNING:dns_config_service_win.cc(668)] Failed to read DnsConfig.
[0926/103725.485:WARNING:dns_config_service_win.cc(668)] Failed to read DnsConfig.
[0926/103730.487:WARNING:dns_config_service_win.cc(668)] Failed to read DnsConfig.
[0926/103735.490:WARNING:dns_config_service_win.cc(668)] Failed to read DnsConfig.
[0926/103740.492:WARNING:dns_config_service_win.cc(668)] Failed to read DnsConfig.
[0926/103745.497:WARNING:dns_config_service_win.cc(668)] Failed to read DnsConfig.
[0926/103750.500:WARNING:dns_config_service_win.cc(668)] Failed to read DnsConfig.
[0926/103755.504:WARNING:dns_config_service_win.cc(668)] Failed to read DnsConfig.
[0926/103800.510:WARNING:dns_config_service_win.cc(668)] Failed to read DnsConfig.
[0926/103805.513:WARNING:dns_config_service_win.cc(668)] Failed to read DnsConfig.
[0926/103810.517:WARNING:dns_config_service_win.cc(668)] Failed to read DnsConfig.
[0926/103815.520:WARNING:dns_config_service_win.cc(668)] Failed to read DnsConfig.
[0926/103820.525:WARNING:dns_config_service_win.cc(668)] Failed to read DnsConfig.
[0926/103825.528:WARNING:dns_config_service_win.cc(668)] Failed to read DnsConfig.
[0926/103830.534:WARNING:dns_config_service_win.cc(668)] Failed to read DnsConfig.
[0926/103835.546:WARNING:dns_config_service_win.cc(668)] Failed to read DnsConfig.
[0926/103840.551:WARNING:dns_config_service_win.cc(668)] Failed to read DnsConfig.
[0926/103845.554:WARNING:dns_config_service_win.cc(668)] Failed to read DnsConfig.
[0926/103850.559:WARNING:dns_config_service_win.cc(668)] Failed to read DnsConfig.
[0926/103855.562:WARNING:dns_config_service_win.cc(668)] Failed to read DnsConfig.
[0926/103900.565:WARNING:dns_config_service_win.cc(668)] Failed to read DnsConfig.
[0926/103905.568:WARNING:dns_config_service_win.cc(668)] Failed to read DnsConfig.
[0926/103910.572:WARNING:dns_config_service_win.cc(668)] Failed to read DnsConfig.
[0926/103915.579:WARNING:dns_config_service_win.cc(668)] Failed to read DnsConfig.
[0926/103920.584:WARNING:dns_config_service_win.cc(668)] Failed to read DnsConfig.
[0926/103925.590:WARNING:dns_config_service_win.cc(668)] Failed to read DnsConfig.
[0926/103930.594:WARNING:dns_config_service_win.cc(668)] Failed to read DnsConfig.
[0926/103935.599:WARNING:dns_config_service_win.cc(668)] Failed to read DnsConfig.
[0926/103940.605:WARNING:dns_config_service_win.cc(668)] Failed to read DnsConfig.
[0926/103945.609:WARNING:dns_config_service_win.cc(668)] Failed to read DnsConfig.
[0926/103950.611:WARNING:dns_config_service_win.cc(668)] Failed to read DnsConfig.
[0926/103955.614:WARNING:dns_config_service_win.cc(668)] Failed to read DnsConfig.
[0926/104000.619:WARNING:dns_config_service_win.cc(668)] Failed to read DnsConfig.
[0926/104005.621:WARNING:dns_config_service_win.cc(668)] Failed to read DnsConfig.
[0926/104010.626:WARNING:dns_config_service_win.cc(668)] Failed to read DnsConfig.
[0926/104015.630:WARNING:dns_config_service_win.cc(668)] Failed to read DnsConfig.
[0926/104020.633:WARNING:dns_config_service_win.cc(668)] Failed to read DnsConfig.
[0926/104025.637:WARNING:dns_config_service_win.cc(668)] Failed to read DnsConfig.
[0926/104030.639:WARNING:dns_config_service_win.cc(668)] Failed to read DnsConfig.
[0926/104035.643:WARNING:dns_config_service_win.cc(668)] Failed to read DnsConfig.
[0926/104040.648:WARNING:dns_config_service_win.cc(668)] Failed to read DnsConfig.
[0926/104045.652:WARNING:dns_config_service_win.cc(668)] Failed to read DnsConfig.
[0926/104050.655:WARNING:dns_config_service_win.cc(668)] Failed to read DnsConfig.
[0926/104055.657:WARNING:dns_config_service_win.cc(668)] Failed to read DnsConfig.
[0926/104100.661:WARNING:dns_config_service_win.cc(668)] Failed to read DnsConfig.
[0926/104105.665:WARNING:dns_config_service_win.cc(668)] Failed to read DnsConfig.
[0926/104110.668:WARNING:dns_config_service_win.cc(668)] Failed to read DnsConfig.
[0926/104115.673:WARNING:dns_config_service_win.cc(668)] Failed to read DnsConfig.
[0926/104120.676:WARNING:dns_config_service_win.cc(668)] Failed to read DnsConfig.
[0926/104125.681:WARNING:dns_config_service_win.cc(668)] Failed to read DnsConfig.
[0926/104130.684:WARNING:dns_config_service_win.cc(668)] Failed to read DnsConfig.
[0926/104135.688:WARNING:dns_config_service_win.cc(668)] Failed to read DnsConfig.
[0926/104140.694:WARNING:dns_config_service_win.cc(668)] Failed to read DnsConfig.
[0926/104145.698:WARNING:dns_config_service_win.cc(668)] Failed to read DnsConfig.
[0926/104150.701:WARNING:dns_config_service_win.cc(668)] Failed to read DnsConfig.
[0926/104155.703:WARNING:dns_config_service_win.cc(668)] Failed to read DnsConfig.
[0926/104200.706:WARNING:dns_config_service_win.cc(668)] Failed to read DnsConfig.
[0926/104205.712:WARNING:dns_config_service_win.cc(668)] Failed to read DnsConfig.
[0926/104210.714:WARNING:dns_config_service_win.cc(668)] Failed to read DnsConfig.
[0926/104215.717:WARNING:dns_config_service_win.cc(668)] Failed to read DnsConfig.
[0926/104220.720:WARNING:dns_config_service_win.cc(668)] Failed to read DnsConfig.
[0926/104225.723:WARNING:dns_config_service_win.cc(668)] Failed to read DnsConfig.
[0926/104230.726:WARNING:dns_config_service_win.cc(668)] Failed to read DnsConfig.
[0926/104235.730:WARNING:dns_config_service_win.cc(668)] Failed to read DnsConfig.
[0926/104240.733:WARNING:dns_config_service_win.cc(668)] Failed to read DnsConfig.
[0926/104245.736:WARNING:dns_config_service_win.cc(668)] Failed to read DnsConfig.
[0926/104250.740:WARNING:dns_config_service_win.cc(668)] Failed to read DnsConfig.
[0926/104255.742:WARNING:dns_config_service_win.cc(668)] Failed to read DnsConfig.
[0926/104300.746:WARNING:dns_config_service_win.cc(668)] Failed to read DnsConfig.
[0926/104305.750:WARNING:dns_config_service_win.cc(668)] Failed to read DnsConfig.
[0926/104310.754:WARNING:dns_config_service_win.cc(668)] Failed to read DnsConfig.
[0926/104315.758:WARNING:dns_config_service_win.cc(668)] Failed to read DnsConfig.
[0926/104320.761:WARNING:dns_config_service_win.cc(668)] Failed to read DnsConfig.
[0926/104325.765:WARNING:dns_config_service_win.cc(668)] Failed to read DnsConfig.
[0926/104330.769:WARNING:dns_config_service_win.cc(668)] Failed to read DnsConfig.
[0926/104335.772:WARNING:dns_config_service_win.cc(668)] Failed to read DnsConfig.
[0926/104340.776:WARNING:dns_config_service_win.cc(668)] Failed to read DnsConfig.
[0926/104345.780:WARNING:dns_config_service_win.cc(668)] Failed to read DnsConfig.
[0926/104350.784:WARNING:dns_config_service_win.cc(668)] Failed to read DnsConfig.
[0926/104355.789:WARNING:dns_config_service_win.cc(668)] Failed to read DnsConfig.
[0926/104400.792:WARNING:dns_config_service_win.cc(668)] Failed to read DnsConfig.
[0926/104405.796:WARNING:dns_config_service_win.cc(668)] Failed to read DnsConfig.
[0926/104410.802:WARNING:dns_config_service_win.cc(668)] Failed to read DnsConfig.
[0926/104415.806:WARNING:dns_config_service_win.cc(668)] Failed to read DnsConfig.
[0926/104420.809:WARNING:dns_config_service_win.cc(668)] Failed to read DnsConfig.
[0926/104425.811:WARNING:dns_config_service_win.cc(668)] Failed to read DnsConfig.
[0926/104430.814:WARNING:dns_config_service_win.cc(668)] Failed to read DnsConfig.
[0926/104435.818:WARNING:dns_config_service_win.cc(668)] Failed to read DnsConfig.
[0926/104440.821:WARNING:dns_config_service_win.cc(668)] Failed to read DnsConfig.
[0926/104445.825:WARNING:dns_config_service_win.cc(668)] Failed to read DnsConfig.
[0926/104450.829:WARNING:dns_config_service_win.cc(668)] Failed to read DnsConfig.
[0926/104455.834:WARNING:dns_config_service_win.cc(668)] Failed to read DnsConfig.
[0926/104500.839:WARNING:dns_config_service_win.cc(668)] Failed to read DnsConfig.
[0926/104505.842:WARNING:dns_config_service_win.cc(668)] Failed to read DnsConfig.
[0926/104510.844:WARNING:dns_config_service_win.cc(668)] Failed to read DnsConfig.
[0926/104515.850:WARNING:dns_config_service_win.cc(668)] Failed to read DnsConfig.
[0926/104520.853:WARNING:dns_config_service_win.cc(668)] Failed to read DnsConfig.
[0926/104525.857:WARNING:dns_config_service_win.cc(668)] Failed to read DnsConfig.
[0926/104530.860:WARNING:dns_config_service_win.cc(668)] Failed to read DnsConfig.
[0926/104535.863:WARNING:dns_config_service_win.cc(668)] Failed to read DnsConfig.
[0926/104540.865:WARNING:dns_config_service_win.cc(668)] Failed to read DnsConfig.
[0926/104545.868:WARNING:dns_config_service_win.cc(668)] Failed to read DnsConfig.
[0926/104550.871:WARNING:dns_config_service_win.cc(668)] Failed to read DnsConfig.
[0926/104555.875:WARNING:dns_config_service_win.cc(668)] Failed to read DnsConfig.
[0926/104600.878:WARNING:dns_config_service_win.cc(668)] Failed to read DnsConfig.
[0926/104605.881:WARNING:dns_config_service_win.cc(668)] Failed to read DnsConfig.
[0926/104610.885:WARNING:dns_config_service_win.cc(668)] Failed to read DnsConfig.
[0926/104615.889:WARNING:dns_config_service_win.cc(668)] Failed to read DnsConfig.
[0926/104620.892:WARNING:dns_config_service_win.cc(668)] Failed to read DnsConfig.
[0926/104625.894:WARNING:dns_config_service_win.cc(668)] Failed to read DnsConfig.
[0926/104630.899:WARNING:dns_config_service_win.cc(668)] Failed to read DnsConfig.
[0926/104635.903:WARNING:dns_config_service_win.cc(668)] Failed to read DnsConfig.
[0926/104640.907:WARNING:dns_config_service_win.cc(668)] Failed to read DnsConfig.
[0926/104645.910:WARNING:dns_config_service_win.cc(668)] Failed to read DnsConfig.
[0926/104650.912:WARNING:dns_config_service_win.cc(668)] Failed to read DnsConfig.
[0926/104655.915:WARNING:dns_config_service_win.cc(668)] Failed to read DnsConfig.
[0926/104700.919:WARNING:dns_config_service_win.cc(668)] Failed to read DnsConfig.
[0926/104705.921:WARNING:dns_config_service_win.cc(668)] Failed to read DnsConfig.
[0926/104710.924:WARNING:dns_config_service_win.cc(668)] Failed to read DnsConfig.
[0926/104715.927:WARNING:dns_config_service_win.cc(668)] Failed to read DnsConfig.
[0926/104720.931:WARNING:dns_config_service_win.cc(668)] Failed to read DnsConfig.
[0926/104725.935:WARNING:dns_config_service_win.cc(668)] Failed to read DnsConfig.
[0926/104730.939:WARNING:dns_config_service_win.cc(668)] Failed to read DnsConfig.
[0926/104735.943:WARNING:dns_config_service_win.cc(668)] Failed to read DnsConfig.
[0926/104740.949:WARNING:dns_config_service_win.cc(668)] Failed to read DnsConfig.
[0926/104745.953:WARNING:dns_config_service_win.cc(668)] Failed to read DnsConfig.
[0926/104750.957:WARNING:dns_config_service_win.cc(668)] Failed to read DnsConfig.
[0926/104755.963:WARNING:dns_config_service_win.cc(668)] Failed to read DnsConfig.
[0926/104800.965:WARNING:dns_config_service_win.cc(668)] Failed to read DnsConfig.
[0926/104805.970:WARNING:dns_config_service_win.cc(668)] Failed to read DnsConfig.
[0926/104810.976:WARNING:dns_config_service_win.cc(668)] Failed to read DnsConfig.
[0926/104815.980:WARNING:dns_config_service_win.cc(668)] Failed to read DnsConfig.
[0926/104820.984:WARNING:dns_config_service_win.cc(668)] Failed to read DnsConfig.
[0926/104825.988:WARNING:dns_config_service_win.cc(668)] Failed to read DnsConfig.
[0926/104830.992:WARNING:dns_config_service_win.cc(668)] Failed to read DnsConfig.
[0926/104835.996:WARNING:dns_config_service_win.cc(668)] Failed to read DnsConfig.
[0926/104841.000:WARNING:dns_config_service_win.cc(668)] Failed to read DnsConfig.
[0926/104846.003:WARNING:dns_config_service_win.cc(668)] Failed to read DnsConfig.
[0926/104851.006:WARNING:dns_config_service_win.cc(668)] Failed to read DnsConfig.
[0926/104856.008:WARNING:dns_config_service_win.cc(668)] Failed to read DnsConfig.
[0926/104901.011:WARNING:dns_config_service_win.cc(668)] Failed to read DnsConfig.
[0926/104906.014:WARNING:dns_config_service_win.cc(668)] Failed to read DnsConfig.
[0926/104911.016:WARNING:dns_config_service_win.cc(668)] Failed to read DnsConfig.
[0926/104916.019:WARNING:dns_config_service_win.cc(668)] Failed to read DnsConfig.
[0926/104921.023:WARNING:dns_config_service_win.cc(668)] Failed to read DnsConfig.
[0926/104926.028:WARNING:dns_config_service_win.cc(668)] Failed to read DnsConfig.
[0926/104931.030:WARNING:dns_config_service_win.cc(668)] Failed to read DnsConfig.
[0926/104936.034:WARNING:dns_config_service_win.cc(668)] Failed to read DnsConfig.
[0926/104941.038:WARNING:dns_config_service_win.cc(668)] Failed to read DnsConfig.
[0926/104946.040:WARNING:dns_config_service_win.cc(668)] Failed to read DnsConfig.
[0926/104951.045:WARNING:dns_config_service_win.cc(668)] Failed to read DnsConfig.
[0926/104956.049:WARNING:dns_config_service_win.cc(668)] Failed to read DnsConfig.
[0926/105001.052:WARNING:dns_config_service_win.cc(668)] Failed to read DnsConfig.
[0926/105006.058:WARNING:dns_config_service_win.cc(668)] Failed to read DnsConfig.
[0926/105011.060:WARNING:dns_config_service_win.cc(668)] Failed to read DnsConfig.
[0926/105016.064:WARNING:dns_config_service_win.cc(668)] Failed to read DnsConfig.
[0926/105021.068:WARNING:dns_config_service_win.cc(668)] Failed to read DnsConfig.
[0926/105026.073:WARNING:dns_config_service_win.cc(668)] Failed to read DnsConfig.
[0926/105031.076:WARNING:dns_config_service_win.cc(668)] Failed to read DnsConfig.
[0926/105036.080:WARNING:dns_config_service_win.cc(668)] Failed to read DnsConfig.
[0926/105041.085:WARNING:dns_config_service_win.cc(668)] Failed to read DnsConfig.
[0926/105046.090:WARNING:dns_config_service_win.cc(668)] Failed to read DnsConfig.
[0926/105051.094:WARNING:dns_config_service_win.cc(668)] Failed to read DnsConfig.
[0926/105056.097:WARNING:dns_config_service_win.cc(668)] Failed to read DnsConfig.
[0926/105101.106:WARNING:dns_config_service_win.cc(668)] Failed to read DnsConfig.
[0926/105106.109:WARNING:dns_config_service_win.cc(668)] Failed to read DnsConfig.
[0926/105111.113:WARNING:dns_config_service_win.cc(668)] Failed to read DnsConfig.
[0926/105116.117:WARNING:dns_config_service_win.cc(668)] Failed to read DnsConfig.
[0926/105121.120:WARNING:dns_config_service_win.cc(668)] Failed to read DnsConfig.
[0926/105126.125:WARNING:dns_config_service_win.cc(668)] Failed to read DnsConfig.
[0926/105131.129:WARNING:dns_config_service_win.cc(668)] Failed to read DnsConfig.
[0926/105136.133:WARNING:dns_config_service_win.cc(668)] Failed to read DnsConfig.
[0926/105141.136:WARNING:dns_config_service_win.cc(668)] Failed to read DnsConfig.
[0926/105146.139:WARNING:dns_config_service_win.cc(668)] Failed to read DnsConfig.
[0926/105151.141:WARNING:dns_config_service_win.cc(668)] Failed to read DnsConfig.
[0926/105156.146:WARNING:dns_config_service_win.cc(668)] Failed to read DnsConfig.
[0926/105201.148:WARNING:dns_config_service_win.cc(668)] Failed to read DnsConfig.
[0926/105206.151:WARNING:dns_config_service_win.cc(668)] Failed to read DnsConfig.
[0926/105211.154:WARNING:dns_config_service_win.cc(668)] Failed to read DnsConfig.
[0926/105216.159:WARNING:dns_config_service_win.cc(668)] Failed to read DnsConfig.
[0926/105221.162:WARNING:dns_config_service_win.cc(668)] Failed to read DnsConfig.
[0926/105226.165:WARNING:dns_config_service_win.cc(668)] Failed to read DnsConfig.
[0926/105231.169:WARNING:dns_config_service_win.cc(668)] Failed to read DnsConfig.
[0926/105236.171:WARNING:dns_config_service_win.cc(668)] Failed to read DnsConfig.
[0926/105241.175:WARNING:dns_config_service_win.cc(668)] Failed to read DnsConfig.
[0926/105246.178:WARNING:dns_config_service_win.cc(668)] Failed to read DnsConfig.
[0926/105251.181:WARNING:dns_config_service_win.cc(668)] Failed to read DnsConfig.
[0926/105256.183:WARNING:dns_config_service_win.cc(668)] Failed to read DnsConfig.
[0926/105301.186:WARNING:dns_config_service_win.cc(668)] Failed to read DnsConfig.
[0926/105306.190:WARNING:dns_config_service_win.cc(668)] Failed to read DnsConfig.
[0926/105311.193:WARNING:dns_config_service_win.cc(668)] Failed to read DnsConfig.
[0926/105316.197:WARNING:dns_config_service_win.cc(668)] Failed to read DnsConfig.
[0926/105321.201:WARNING:dns_config_service_win.cc(668)] Failed to read DnsConfig.
[0926/105326.204:WARNING:dns_config_service_win.cc(668)] Failed to read DnsConfig.
[0926/105331.206:WARNING:dns_config_service_win.cc(668)] Failed to read DnsConfig.
[0926/105336.211:WARNING:dns_config_service_win.cc(668)] Failed to read DnsConfig.
[0926/105341.213:WARNING:dns_config_service_win.cc(668)] Failed to read DnsConfig.
[0926/105346.217:WARNING:dns_config_service_win.cc(668)] Failed to read DnsConfig.
[0926/105351.220:WARNING:dns_config_service_win.cc(668)] Failed to read DnsConfig.
[0926/105356.225:WARNING:dns_config_service_win.cc(668)] Failed to read DnsConfig.
[0926/105401.229:WARNING:dns_config_service_win.cc(668)] Failed to read DnsConfig.
[0926/105406.233:WARNING:dns_config_service_win.cc(668)] Failed to read DnsConfig.
[0926/105411.239:WARNING:dns_config_service_win.cc(668)] Failed to read DnsConfig.
[0926/105416.242:WARNING:dns_config_service_win.cc(668)] Failed to read DnsConfig.
[0926/105421.246:WARNING:dns_config_service_win.cc(668)] Failed to read DnsConfig.
[0926/105426.251:WARNING:dns_config_service_win.cc(668)] Failed to read DnsConfig.
[0926/105431.256:WARNING:dns_config_service_win.cc(668)] Failed to read DnsConfig.
[0926/105436.259:WARNING:dns_config_service_win.cc(668)] Failed to read DnsConfig.
[0926/105441.263:WARNING:dns_config_service_win.cc(668)] Failed to read DnsConfig.
[0926/105446.267:WARNING:dns_config_service_win.cc(668)] Failed to read DnsConfig.
[0926/105451.269:WARNING:dns_config_service_win.cc(668)] Failed to read DnsConfig.
[0926/105456.272:WARNING:dns_config_service_win.cc(668)] Failed to read DnsConfig.
[0926/105501.275:WARNING:dns_config_service_win.cc(668)] Failed to read DnsConfig.
[0926/105506.281:WARNING:dns_config_service_win.cc(668)] Failed to read DnsConfig.
[0926/105511.285:WARNING:dns_config_service_win.cc(668)] Failed to read DnsConfig.
[0926/105516.288:WARNING:dns_config_service_win.cc(668)] Failed to read DnsConfig.
[0926/105521.291:WARNING:dns_config_service_win.cc(668)] Failed to read DnsConfig.
[0926/105526.295:WARNING:dns_config_service_win.cc(668)] Failed to read DnsConfig.
[0926/105531.297:WARNING:dns_config_service_win.cc(668)] Failed to read DnsConfig.
[0926/105536.301:WARNING:dns_config_service_win.cc(668)] Failed to read DnsConfig.
[0926/105541.303:WARNING:dns_config_service_win.cc(668)] Failed to read DnsConfig.
[0926/105546.305:WARNING:dns_config_service_win.cc(668)] Failed to read DnsConfig.
[0926/105551.309:WARNING:dns_config_service_win.cc(668)] Failed to read DnsConfig.
[0926/105556.315:WARNING:dns_config_service_win.cc(668)] Failed to read DnsConfig.
[0926/105601.318:WARNING:dns_config_service_win.cc(668)] Failed to read DnsConfig.
[0926/105606.320:WARNING:dns_config_service_win.cc(668)] Failed to read DnsConfig.
[0926/105611.325:WARNING:dns_config_service_win.cc(668)] Failed to read DnsConfig.
[0926/105616.329:WARNING:dns_config_service_win.cc(668)] Failed to read DnsConfig.
[0926/105621.333:WARNING:dns_config_service_win.cc(668)] Failed to read DnsConfig.
[0926/105626.337:WARNING:dns_config_service_win.cc(668)] Failed to read DnsConfig.
[0926/105631.341:WARNING:dns_config_service_win.cc(668)] Failed to read DnsConfig.
[0926/105636.345:WARNING:dns_config_service_win.cc(668)] Failed to read DnsConfig.
[0926/105641.349:WARNING:dns_config_service_win.cc(668)] Failed to read DnsConfig.
[0926/105646.354:WARNING:dns_config_service_win.cc(668)] Failed to read DnsConfig.
[0926/105651.358:WARNING:dns_config_service_win.cc(668)] Failed to read DnsConfig.
[0926/105656.362:WARNING:dns_config_service_win.cc(668)] Failed to read DnsConfig.
[0926/105701.368:WARNING:dns_config_service_win.cc(668)] Failed to read DnsConfig.
[0926/105706.370:WARNING:dns_config_service_win.cc(668)] Failed to read DnsConfig.
[0926/105711.376:WARNING:dns_config_service_win.cc(668)] Failed to read DnsConfig.
[0926/105716.379:WARNING:dns_config_service_win.cc(668)] Failed to read DnsConfig.
[0926/105721.383:WARNING:dns_config_service_win.cc(668)] Failed to read DnsConfig.
[0926/105726.388:WARNING:dns_config_service_win.cc(668)] Failed to read DnsConfig.
[0926/105731.390:WARNING:dns_config_service_win.cc(668)] Failed to read DnsConfig.
[0926/105736.393:WARNING:dns_config_service_win.cc(668)] Failed to read DnsConfig.
[0926/105741.396:WARNING:dns_config_service_win.cc(668)] Failed to read DnsConfig.
[0926/105746.400:WARNING:dns_config_service_win.cc(668)] Failed to read DnsConfig.
[0926/105751.404:WARNING:dns_config_service_win.cc(668)] Failed to read DnsConfig.
[0926/105756.408:WARNING:dns_config_service_win.cc(668)] Failed to read DnsConfig.
[0926/105801.411:WARNING:dns_config_service_win.cc(668)] Failed to read DnsConfig.
[0926/105806.414:WARNING:dns_config_service_win.cc(668)] Failed to read DnsConfig.
[0926/105811.417:WARNING:dns_config_service_win.cc(668)] Failed to read DnsConfig.
[0926/105816.419:WARNING:dns_config_service_win.cc(668)] Failed to read DnsConfig.
[0926/105821.423:WARNING:dns_config_service_win.cc(668)] Failed to read DnsConfig.
[0926/105826.427:WARNING:dns_config_service_win.cc(668)] Failed to read DnsConfig.
[0926/105831.432:WARNING:dns_config_service_win.cc(668)] Failed to read DnsConfig.
[0926/105836.435:WARNING:dns_config_service_win.cc(668)] Failed to read DnsConfig.
[0926/105841.439:WARNING:dns_config_service_win.cc(668)] Failed to read DnsConfig.
[0926/105846.444:WARNING:dns_config_service_win.cc(668)] Failed to read DnsConfig.
[0926/105851.447:WARNING:dns_config_service_win.cc(668)] Failed to read DnsConfig.
[0926/105856.451:WARNING:dns_config_service_win.cc(668)] Failed to read DnsConfig.
[0926/105901.455:WARNING:dns_config_service_win.cc(668)] Failed to read DnsConfig.
[0926/105906.459:WARNING:dns_config_service_win.cc(668)] Failed to read DnsConfig.
[0926/105911.462:WARNING:dns_config_service_win.cc(668)] Failed to read DnsConfig.
[0926/105916.464:WARNING:dns_config_service_win.cc(668)] Failed to read DnsConfig.
[0926/105921.467:WARNING:dns_config_service_win.cc(668)] Failed to read DnsConfig.
[0926/105926.472:WARNING:dns_config_service_win.cc(668)] Failed to read DnsConfig.
[0926/105931.476:WARNING:dns_config_service_win.cc(668)] Failed to read DnsConfig.
[0926/105936.479:WARNING:dns_config_service_win.cc(668)] Failed to read DnsConfig.
[0926/105941.484:WARNING:dns_config_service_win.cc(668)] Failed to read DnsConfig.
[0926/105946.488:WARNING:dns_config_service_win.cc(668)] Failed to read DnsConfig.
[0926/105951.491:WARNING:dns_config_service_win.cc(668)] Failed to read DnsConfig.
[0926/105956.494:WARNING:dns_config_service_win.cc(668)] Failed to read DnsConfig.
[0926/110001.496:WARNING:dns_config_service_win.cc(668)] Failed to read DnsConfig.
[0926/110006.501:WARNING:dns_config_service_win.cc(668)] Failed to read DnsConfig.
[0926/110011.504:WARNING:dns_config_service_win.cc(668)] Failed to read DnsConfig.
[0926/110016.506:WARNING:dns_config_service_win.cc(668)] Failed to read DnsConfig.
[0926/110021.509:WARNING:dns_config_service_win.cc(668)] Failed to read DnsConfig.
[0926/110026.511:WARNING:dns_config_service_win.cc(668)] Failed to read DnsConfig.
[0926/110031.514:WARNING:dns_config_service_win.cc(668)] Failed to read DnsConfig.
[0926/110036.518:WARNING:dns_config_service_win.cc(668)] Failed to read DnsConfig.
[0926/110041.521:WARNING:dns_config_service_win.cc(668)] Failed to read DnsConfig.
[0926/110046.525:WARNING:dns_config_service_win.cc(668)] Failed to read DnsConfig.
[0926/110051.528:WARNING:dns_config_service_win.cc(668)] Failed to read DnsConfig.
[0926/110056.532:WARNING:dns_config_service_win.cc(668)] Failed to read DnsConfig.
[0926/110101.536:WARNING:dns_config_service_win.cc(668)] Failed to read DnsConfig.
[0926/110106.539:WARNING:dns_config_service_win.cc(668)] Failed to read DnsConfig.
[0926/110111.543:WARNING:dns_config_service_win.cc(668)] Failed to read DnsConfig.
[0926/110116.545:WARNING:dns_config_service_win.cc(668)] Failed to read DnsConfig.
[0926/110121.550:WARNING:dns_config_service_win.cc(668)] Failed to read DnsConfig.
[0926/110126.552:WARNING:dns_config_service_win.cc(668)] Failed to read DnsConfig.
[0926/110131.556:WARNING:dns_config_service_win.cc(668)] Failed to read DnsConfig.
[0926/110136.560:WARNING:dns_config_service_win.cc(668)] Failed to read DnsConfig.
[0926/110141.562:WARNING:dns_config_service_win.cc(668)] Failed to read DnsConfig.
[0926/110146.568:WARNING:dns_config_service_win.cc(668)] Failed to read DnsConfig.
[0926/110151.573:WARNING:dns_config_service_win.cc(668)] Failed to read DnsConfig.
[0926/110156.575:WARNING:dns_config_service_win.cc(668)] Failed to read DnsConfig.
[0926/110201.578:WARNING:dns_config_service_win.cc(668)] Failed to read DnsConfig.
[0926/110206.581:WARNING:dns_config_service_win.cc(668)] Failed to read DnsConfig.
[0926/110211.585:WARNING:dns_config_service_win.cc(668)] Failed to read DnsConfig.
[0926/110216.589:WARNING:dns_config_service_win.cc(668)] Failed to read DnsConfig.
[0926/110221.594:WARNING:dns_config_service_win.cc(668)] Failed to read DnsConfig.
[0926/110226.598:WARNING:dns_config_service_win.cc(668)] Failed to read DnsConfig.
[0926/110231.604:WARNING:dns_config_service_win.cc(668)] Failed to read DnsConfig.
[0926/110236.606:WARNING:dns_config_service_win.cc(668)] Failed to read DnsConfig.
[0926/110241.611:WARNING:dns_config_service_win.cc(668)] Failed to read DnsConfig.
[0926/110246.615:WARNING:dns_config_service_win.cc(668)] Failed to read DnsConfig.
[0926/110251.618:WARNING:dns_config_service_win.cc(668)] Failed to read DnsConfig.
[0926/110256.621:WARNING:dns_config_service_win.cc(668)] Failed to read DnsConfig.
[0926/110301.623:WARNING:dns_config_service_win.cc(668)] Failed to read DnsConfig.
[0926/110306.626:WARNING:dns_config_service_win.cc(668)] Failed to read DnsConfig.
[0926/110311.629:WARNING:dns_config_service_win.cc(668)] Failed to read DnsConfig.
[0926/110316.631:WARNING:dns_config_service_win.cc(668)] Failed to read DnsConfig.
[0926/110321.635:WARNING:dns_config_service_win.cc(668)] Failed to read DnsConfig.
[0926/110326.638:WARNING:dns_config_service_win.cc(668)] Failed to read DnsConfig.
[0926/110331.641:WARNING:dns_config_service_win.cc(668)] Failed to read DnsConfig.
[0926/110336.644:WARNING:dns_config_service_win.cc(668)] Failed to read DnsConfig.
[0926/110341.647:WARNING:dns_config_service_win.cc(668)] Failed to read DnsConfig.
[0926/110346.650:WARNING:dns_config_service_win.cc(668)] Failed to read DnsConfig.
[0926/110351.653:WARNING:dns_config_service_win.cc(668)] Failed to read DnsConfig.
[0926/110356.657:WARNING:dns_config_service_win.cc(668)] Failed to read DnsConfig.
[0926/110401.660:WARNING:dns_config_service_win.cc(668)] Failed to read DnsConfig.
[0926/110406.663:WARNING:dns_config_service_win.cc(668)] Failed to read DnsConfig.
[0926/110411.666:WARNING:dns_config_service_win.cc(668)] Failed to read DnsConfig.
[0926/110416.669:WARNING:dns_config_service_win.cc(668)] Failed to read DnsConfig.
[0926/110421.672:WARNING:dns_config_service_win.cc(668)] Failed to read DnsConfig.
[0926/110426.677:WARNING:dns_config_service_win.cc(668)] Failed to read DnsConfig.
[0926/110431.680:WARNING:dns_config_service_win.cc(668)] Failed to read DnsConfig.
[0926/110436.683:WARNING:dns_config_service_win.cc(668)] Failed to read DnsConfig.
[0926/110441.686:WARNING:dns_config_service_win.cc(668)] Failed to read DnsConfig.
[0926/110446.691:WARNING:dns_config_service_win.cc(668)] Failed to read DnsConfig.
[0926/110451.693:WARNING:dns_config_service_win.cc(668)] Failed to read DnsConfig.
[0926/110456.699:WARNING:dns_config_service_win.cc(668)] Failed to read DnsConfig.
[0926/110501.702:WARNING:dns_config_service_win.cc(668)] Failed to read DnsConfig.
[0926/110506.707:WARNING:dns_config_service_win.cc(668)] Failed to read DnsConfig.
[0926/110511.710:WARNING:dns_config_service_win.cc(668)] Failed to read DnsConfig.
[0926/110516.714:WARNING:dns_config_service_win.cc(668)] Failed to read DnsConfig.
[0926/110521.718:WARNING:dns_config_service_win.cc(668)] Failed to read DnsConfig.
[0926/110526.721:WARNING:dns_config_service_win.cc(668)] Failed to read DnsConfig.
[0926/110531.725:WARNING:dns_config_service_win.cc(668)] Failed to read DnsConfig.
[0926/110536.728:WARNING:dns_config_service_win.cc(668)] Failed to read DnsConfig.
[0926/110541.730:WARNING:dns_config_service_win.cc(668)] Failed to read DnsConfig.
[0926/110546.733:WARNING:dns_config_service_win.cc(668)] Failed to read DnsConfig.
[0926/110551.737:WARNING:dns_config_service_win.cc(668)] Failed to read DnsConfig.
[0926/110556.741:WARNING:dns_config_service_win.cc(668)] Failed to read DnsConfig.
[0926/110601.745:WARNING:dns_config_service_win.cc(668)] Failed to read DnsConfig.
[0926/110606.748:WARNING:dns_config_service_win.cc(668)] Failed to read DnsConfig.
[0926/110611.752:WARNING:dns_config_service_win.cc(668)] Failed to read DnsConfig.
[0926/110616.756:WARNING:dns_config_service_win.cc(668)] Failed to read DnsConfig.
[0926/110621.760:WARNING:dns_config_service_win.cc(668)] Failed to read DnsConfig.
[0926/110626.764:WARNING:dns_config_service_win.cc(668)] Failed to read DnsConfig.
[0926/110631.769:WARNING:dns_config_service_win.cc(668)] Failed to read DnsConfig.
[0926/110636.771:WARNING:dns_config_service_win.cc(668)] Failed to read DnsConfig.
[0926/110641.776:WARNING:dns_config_service_win.cc(668)] Failed to read DnsConfig.
[0926/110646.781:WARNING:dns_config_service_win.cc(668)] Failed to read DnsConfig.
[0926/110651.784:WARNING:dns_config_service_win.cc(668)] Failed to read DnsConfig.
[0926/110656.787:WARNING:dns_config_service_win.cc(668)] Failed to read DnsConfig.
[0926/110701.792:WARNING:dns_config_service_win.cc(668)] Failed to read DnsConfig.
[0926/110706.795:WARNING:dns_config_service_win.cc(668)] Failed to read DnsConfig.
[0926/110711.800:WARNING:dns_config_service_win.cc(668)] Failed to read DnsConfig.
[0926/110716.804:WARNING:dns_config_service_win.cc(668)] Failed to read DnsConfig.
[0926/110721.808:WARNING:dns_config_service_win.cc(668)] Failed to read DnsConfig.
[0926/110726.813:WARNING:dns_config_service_win.cc(668)] Failed to read DnsConfig.
[0926/110731.816:WARNING:dns_config_service_win.cc(668)] Failed to read DnsConfig.
[0926/110736.819:WARNING:dns_config_service_win.cc(668)] Failed to read DnsConfig.
[0926/110741.824:WARNING:dns_config_service_win.cc(668)] Failed to read DnsConfig.
[0926/110746.828:WARNING:dns_config_service_win.cc(668)] Failed to read DnsConfig.
[0926/110751.833:WARNING:dns_config_service_win.cc(668)] Failed to read DnsConfig.
[0926/110756.836:WARNING:dns_config_service_win.cc(668)] Failed to read DnsConfig.
[0926/110801.839:WARNING:dns_config_service_win.cc(668)] Failed to read DnsConfig.
[0926/110806.842:WARNING:dns_config_service_win.cc(668)] Failed to read DnsConfig.
[0926/110811.847:WARNING:dns_config_service_win.cc(668)] Failed to read DnsConfig.
[0926/110816.852:WARNING:dns_config_service_win.cc(668)] Failed to read DnsConfig.
[0926/110821.855:WARNING:dns_config_service_win.cc(668)] Failed to read DnsConfig.
[0926/110826.858:WARNING:dns_config_service_win.cc(668)] Failed to read DnsConfig.
[0926/110831.862:WARNING:dns_config_service_win.cc(668)] Failed to read DnsConfig.
[0926/110836.865:WARNING:dns_config_service_win.cc(668)] Failed to read DnsConfig.
[0926/110841.873:WARNING:dns_config_service_win.cc(668)] Failed to read DnsConfig.
[0926/110846.876:WARNING:dns_config_service_win.cc(668)] Failed to read DnsConfig.
[0926/110851.880:WARNING:dns_config_service_win.cc(668)] Failed to read DnsConfig.
[0926/110856.883:WARNING:dns_config_service_win.cc(668)] Failed to read DnsConfig.
[0926/110901.891:WARNING:dns_config_service_win.cc(668)] Failed to read DnsConfig.
[0926/110906.894:WARNING:dns_config_service_win.cc(668)] Failed to read DnsConfig.
[0926/110911.900:WARNING:dns_config_service_win.cc(668)] Failed to read DnsConfig.
